leko - otpamv, version 0.9.0 (Alexy Brocanello)
Compiled with GNU C++ version 4.6.3 at Apr  3 2017, 22:56:12.
>> Loading config (config.lua)
> Using SHA1 encryption
>> Checking software version... failed checking - malformed file.
>> Loading RSA key
>> Starting SQL connection
>> Running Database Manager
> Optimizing table: account_viplist... [success]
> Optimizing table: accounts... [success]
> Optimizing table: bans... [success]
> Optimizing table: bugtracker... [success]
> Optimizing table: comments... [success]
> Optimizing table: environment_killers... [success]
> Optimizing table: forums... [success]
> Optimizing table: friends... [success]
> Optimizing table: global_storage... [success]
> Optimizing table: guild_invites... [success]
> Optimizing table: guild_ranks... [success]
> Optimizing table: guild_wars... [success]
> Optimizing table: guilds... [success]
> Optimizing table: house_auctions... [success]
> Optimizing table: house_data... [success]
> Optimizing table: house_lists... [success]
> Optimizing table: houses... [success]
> Optimizing table: killers... [success]
> Optimizing table: market_history... [success]
> Optimizing table: market_offers... [success]
> Optimizing table: marriage_system... [success]
> Optimizing table: messages... [success]
> Optimizing table: news... [success]
> Optimizing table: player_deaths... [success]
> Optimizing table: player_depotitems... [success]
> Optimizing table: player_inboxitems... [success]
> Optimizing table: player_items... [success]
> Optimizing table: player_killers... [success]
> Optimizing table: player_namelocks... [success]
> Optimizing table: player_skills... [success]
> Optimizing table: player_spells... [success]
> Optimizing table: player_statements... [success]
> Optimizing table: player_storage... [success]
> Optimizing table: player_viplist... [success]
> Optimizing table: players... [success]
> Optimizing table: poll... [success]
> Optimizing table: poll_answer... [success]
> Optimizing table: poll_votes... [success]
> Optimizing table: posts... [success]
> Optimizing table: server_config... [success]
> Optimizing table: server_motd... [success]
> Optimizing table: server_record... [success]
> Optimizing table: server_reports... [success]
> Optimizing table: threads... [success]
> Optimizing table: tile_items... [success]
> Optimizing table: tile_store... [success]
> Optimizing table: tiles... [success]
> Optimizing table: video_comments... [success]
> Optimizing table: videos... [success]
> Optimizing table: z_ots_comunication... [success]
>> Loading items
>> Loading groups
>> Loading vocations
>> Loading script systems
>> Loading chat channels
>> Loading outfits
>> Loading experience stages
>> Loading monsters
>> Loading mods...
> Loading Firstitems.xml... done.
> 1 mods were loaded.
>> Loading map and spawns...
> Map size: 3000x3000.
> Map descriptions: 
"Saved with Remere's Map Editor 3.1"
"No map description available."
> Map loading time: 11.47 seconds.
> Data parsing time: 0.516 seconds.
> Houses synchronization time: 0.494 seconds.
> Content unserialization time: 2.15 seconds.
>> Checking world type... NoN-PvP
>> Initializing game state modules and registering services...
> Global address: 177.71.196.183
> Local ports: 6578	7171	7873	
>> All modules were loaded, server is starting up...
>> Ouro server Online!

> Broadcasted message: "[Quest] Parabéns ao treinador [Sophia] acabou de achar uma 100 Ultraball!".
> Broadcasted message: "[LOTTERY SYSTEM] Parabens: Trip Night, Ganhou: venom stone! Congratulations! (Next Lottery in 2 hours)".
> Broadcasted message: "Dica: Para saber que level o Pokémon evolui e com qual stone evolui, você deve usar a Pokedex.".
> Saving server...
> SAVE: Complete in 2.568 seconds using relational house storage.
> Broadcasted message: "News: Ajude nosso OTPokémon RETRO a crescer, Seja Premium: OTPokemon Retro".
> Saving server...
> SAVE: Complete in 2.563 seconds using relational house storage.
> Broadcasted message: "SHOP: Donate para desfrutar de nosso shop e todas as vantagens do jogo acesse ".

[Error - Action Interface] 
In a timer event called from: 
data/actions/scripts/pokemon/order.lua:onUse
Description: 
(luaDoTransformItem) Item not found
> Saving server...
> SAVE: Complete in 2.573 seconds using relational house storage.
> Broadcasted message: "SHOP: Donate para desfrutar de nosso shop e todas as vantagens do jogo acesse OTPokemon Retro".
> Broadcasted message: "Jessie [8]: Prepare-se para a encrenca!
James [8]: Encrenca em dobro!".
> Broadcasted message: "Jessie [8]: Para proteger o mundo da devastação!
James [8]: Para unir as pessoas de nossa nação!".
> Broadcasted message: "Jessie [8]: Para denunciar os males da verdade e do amor!
James [8]: Para estender nosso poder às estrelas!".
> Broadcasted message: "Jessie [8]: Jessie!
James [8]: James!".
> Broadcasted message: "Jessie [8]: Equipe Rocket decolando na velocidade da luz!
James [8]: Renda-se agora ou prepare-se para lutar!
Meowth [0]: Meowth! É isso aí!".
> Broadcasted message: "08:00 - Equipe Rocket: Foram avistados perto de Veridian, Prepare seus Pokemons para lutar e explorar! iníciou.".
> Saving server...
> SAVE: Complete in 2.57 seconds using relational house storage.
> Broadcasted message: "Dica: Está preso(a) ? em algum lugar ? diga !fuga para voltar ao templo.".
> Saving server...
> SAVE: Complete in 2.604 seconds using relational house storage.
> Broadcasted message: "08:50 - O Torneio 150+ já vai iniciar, fale com o npc Nick da sua cidade, para participar e custará 500 Emerald Coins.".
> Broadcasted message: "Aviso: As Houses são desocupadas, quando o personagem não loga por 30 dias.".
> Broadcasted message: "08:55 - Faltam 5 minutos para as inscrições do Torneio fecharem.".
> Broadcasted message: "08:59 - As inscrições para o Torneio dás 09:00 foram Fechadas.".
> Saving server...
> SAVE: Complete in 2.593 seconds using relational house storage.
> Broadcasted message: "SHOP: Donate para desfrutar de nosso shop e todas as vantagens do jogo acesse OTPokemon Retro".
> Saving server...
> SAVE: Complete in 2.614 seconds using relational house storage.
> Broadcasted message: "News: Ajude nosso OTPokémon RETRO a crescer, Seja Premium: OTPokemon Retro".
> Saving server...
> SAVE: Complete in 2.573 seconds using relational house storage.
> Broadcasted message: "[LOTTERY SYSTEM] Parabens: Frases Versos, Ganhou: crystal stone! Congratulations! (Next Lottery in 2 hours)".
> Broadcasted message: "Feed Back: Fique famoso, faça vídeos de quest, lugares e muito mais, se ficar legal a gente compartilha www.facebook.com/otpamv".
> Saving server...
> SAVE: Complete in 2.6 seconds using relational house storage.
> Broadcasted message: "SHOP: Donate para desfrutar de nosso shop e todas as vantagens do jogo acesse OTPokemon Retro".
> Saving server...
> SAVE: Complete in 2.578 seconds using relational house storage.
> Broadcasted message: "Dica: Está preso(a) ? em algum lugar ? diga !fuga para voltar ao templo.".

[Error - TalkAction Interface] 
In a timer event called from: 
data/talkactions/scripts/move8.lua:onSay
Description: 
(luaGetCreatureSummons) Creature not found

[Error - TalkAction Interface] 
In a timer event called from: 
data/talkactions/scripts/move8.lua:onSay
Description: 
data/talkactions/scripts/move8.lua:3760: attempt to index a boolean value
stack traceback:
	data/talkactions/scripts/move8.lua:3760: in function <data/talkactions/scripts/move8.lua:3759>

[Error - TalkAction Interface] 
In a timer event called from: 
data/talkactions/scripts/move8.lua:onSay
Description: 
(luaGetCreatureSummons) Creature not found

[Error - TalkAction Interface] 
In a timer event called from: 
data/talkactions/scripts/move8.lua:onSay
Description: 
data/talkactions/scripts/move8.lua:3760: attempt to index a boolean value
stack traceback:
	data/talkactions/scripts/move8.lua:3760: in function <data/talkactions/scripts/move8.lua:3759>

[Error - TalkAction Interface] 
In a timer event called from: 
data/talkactions/scripts/move8.lua:onSay
Description: 
(luaGetCreatureSummons) Creature not found

[Error - TalkAction Interface] 
In a timer event called from: 
data/talkactions/scripts/move8.lua:onSay
Description: 
data/talkactions/scripts/move8.lua:3760: attempt to index a boolean value
stack traceback:
	data/talkactions/scripts/move8.lua:3760: in function <data/talkactions/scripts/move8.lua:3759>

[Error - TalkAction Interface] 
In a timer event called from: 
data/talkactions/scripts/move8.lua:onSay
Description: 
(luaGetCreatureSummons) Creature not found

[Error - TalkAction Interface] 
In a timer event called from: 
data/talkactions/scripts/move8.lua:onSay
Description: 
data/talkactions/scripts/move8.lua:3760: attempt to index a boolean value
stack traceback:
	data/talkactions/scripts/move8.lua:3760: in function <data/talkactions/scripts/move8.lua:3759>

[Error - TalkAction Interface] 
In a timer event called from: 
data/talkactions/scripts/move8.lua:onSay
Description: 
(luaGetCreatureSummons) Creature not found

[Error - TalkAction Interface] 
In a timer event called from: 
data/talkactions/scripts/move8.lua:onSay
Description: 
data/talkactions/scripts/move8.lua:3760: attempt to index a boolean value
stack traceback:
	data/talkactions/scripts/move8.lua:3760: in function <data/talkactions/scripts/move8.lua:3759>

[Error - TalkAction Interface] 
In a timer event called from: 
data/talkactions/scripts/move8.lua:onSay
Description: 
(luaGetCreatureSummons) Creature not found

[Error - TalkAction Interface] 
In a timer event called from: 
data/talkactions/scripts/move8.lua:onSay
Description: 
data/talkactions/scripts/move8.lua:3767: attempt to index a boolean value
stack traceback:
	data/talkactions/scripts/move8.lua:3767: in function <data/talkactions/scripts/move8.lua:3766>
> Saving server...
> SAVE: Complete in 2.616 seconds using relational house storage.
> Broadcasted message: "SHOP: Donate para desfrutar de nosso shop e todas as vantagens do jogo acesse OTPokemon Retro".
